         w __deregister_frame_info
         w _ITM_deregisterTMCloneTable
         w _ITM_registerTMCloneTable
         w __register_frame_info
00000000 00000401 b __fixedpath
00000000 b .LANCHOR1
00000000 a shift
00000000 a shift
00000000 b _TLS_MODULE_BASE_
00000404 b .LANCHOR3
00000404 00000802 b __utf16path
00000c08 b .LANCHOR5
00000c08 00000802 b __utf16path_old.8583
00100000 T _start
00100000 A __start__
00100008 T __service_ptr
0010000c T __apt_appid
00100010 T __heap_size
00100014 T __linear_heap_size
00100018 T __system_arglist
0010001c T __system_runflags
00100020 t startup
00100058 t ClearMem
0010006c t ClrLoop
00100094 T _init
001000ac T initSystem
001000f0 T __ctru_exit
00100110 T __aeabi_uidiv
00100110 000001ec T __udivsi3
00100110 t .udivsi3_skip_div0_test
001002fc 00000020 T __aeabi_uidivmod
0010031c T __aeabi_idiv
0010031c 00000220 T __divsi3
00100324 t .divsi3_skip_div0_test
0010053c 00000020 T __aeabi_idivmod
0010055c 00000004 W __aeabi_idiv0
0010055c 00000004 W __aeabi_ldiv0
00100560 T __aeabi_drsub
00100568 000002b0 T __aeabi_dsub
00100568 000002b0 T __subdf3
0010056c 000002ac T __adddf3
0010056c 000002ac T __aeabi_dadd
00100818 00000024 T __aeabi_ui2d
00100818 00000024 T __floatunsidf
0010083c 00000028 T __aeabi_i2d
0010083c 00000028 T __floatsidf
00100864 00000048 T __aeabi_f2d
00100864 00000048 T __extendsfdf2
001008ac 00000074 T __aeabi_ul2d
001008ac 00000074 T __floatundidf
001008c0 00000060 T __aeabi_l2d
001008c0 00000060 T __floatdidf
00100920 T __aeabi_uldivmod
00100968 00000390 T strcmp
00100cf0 t deregister_tm_clones
00100d1c t register_tm_clones
00100d54 t __do_global_dtors_aux
00100d98 t frame_dummy
00100dd0 000007f8 T main
001015c8 00000330 T C2D_Init
001018f8 00000044 T C2D_Fini
0010193c 000000c8 T C2D_Prepare
00101a04 0000010c T C2D_SceneSize
00101b10 00000044 T C2D_CreateScreenTarget
00101b54 0000013c T C2Di_CalcQuad
00101c90 00000030 T C2Di_FlushVtxBuf
00101cc0 00000020 t C2Di_FrameEndHook
00101ce0 00000018 T C2D_Flush
00101cf8 00000030 T C2D_TargetClear
00101d28 00000210 T C2Di_Update
00101f38 000002ec T C2D_DrawImage
00102224 0000006c T C2D_SpriteSheetLoadFromHandle
00102290 00000034 T C2D_SpriteSheetLoad
001022c4 00000028 T C2D_SpriteSheetFree
001022ec 00000008 T C2D_SpriteSheetCount
001022f4 00000028 T C2D_SpriteSheetGetImage
0010231c 000000c4 t C3Di_SplitFrame.part.1
001023e0 00000004 W C3Di_LightEnvUpdate
001023e4 00000004 W C3Di_LightEnvDirty
001023e8 000000ac t C3Di_AptEventHook
00102494 00000004 W C3Di_GasUpdate
00102498 0000021c T C3D_Init
001026b4 00000098 T C3D_SetViewport
0010274c 0000050c T C3Di_UpdateContext
00102c58 00000020 T C3Di_SplitFrame
00102c78 00000010 T C3D_GetCmdBufUsage
00102c88 00000064 T C3D_Fini
00102cec 00000114 T C3D_BindProgram
00102e00 00000054 t C3Di_RenderQueueInit
00102e54 00000080 t C3Di_RenderTargetDestroy
00102ed4 000000ac t onVBlank1
00102f80 0000013c t onVBlank0
001030bc 0000000c t C3Di_RenderTargetNew
001030c8 0000007c t C3Di_WaitAndClearQueue
00103144 000000c0 t onQueueFinish
00103204 00000044 t C3D_FrameSplit.part.6
00103248 00000030 T C3D_FrameSync
00103278 000000a0 T C3Di_RenderQueueExit
00103318 00000020 T C3Di_RenderQueueWaitDone
00103338 0000007c T C3D_FrameBegin
001033b4 00000048 T C3D_FrameDrawOn
001033fc 00000018 T C3D_FrameSplit
00103414 00000164 T C3D_FrameEnd
00103578 0000001c T C3D_FrameEndHook
00103594 00000018 T C3D_GetDrawingTime
001035ac 00000018 T C3D_GetProcessingTime
001035c4 0000017c T C3D_RenderTargetCreate
00103740 0000004c T C3D_RenderTargetSetOutput
0010378c 000000b4 T C3D_SyncTextureCopy
00103840 00000284 T C3D_TexInitWithParams
00103ac4 000000dc T C3D_TexLoadImage
00103ba0 00000048 T C3D_TexBind
00103be8 0000007c T C3D_TexDelete
00103c64 00000174 T C3Di_SetTex
00103dd8 000003e8 t Tex3DSi_ImportCommon
001041c0 00000034 T Tex3DS_TextureImportStdio
001041f4 00000008 T Tex3DS_GetNumSubTextures
001041fc 0000001c T Tex3DS_GetSubTexture
00104218 00000004 T Tex3DS_TextureFree
0010421c 0000001c T C3D_CalcColorBufSize
00104238 0000001c T C3D_CalcDepthBufSize
00104254 00000044 T C3D_SetFrameBuf
00104298 00000168 T C3Di_FrameBufBind
00104400 000000c8 T C3D_FrameBufClear
001044c8 00000048 T C3D_FrameBufTransfer
00104510 00000034 T C3D_GetTexEnv
00104544 00000024 T C3Di_TexEnvBind
00104568 0000006c T C3D_ProcTexInit
001045d4 00000050 T C3D_ProcTexBind
00104624 00000060 T C3D_ProcTexLutBind
00104684 000000a4 T ProcTexLut_FromArray
00104728 00000174 T C3Di_ProcTexUpdate
0010489c 00000068 T C3Di_ProcTexDirty
00104904 00000024 T BufInfo_Init
00104928 00000084 T BufInfo_Add
001049ac 00000040 T C3D_SetBufInfo
001049ec 00000048 T C3Di_BufInfoBind
00104a34 00000148 T C3D_DrawArrays
00104b7c 00000040 T C3D_DepthMap
00104bbc 0000001c T C3D_CullFace
00104bd8 00000040 T C3D_StencilTest
00104c18 00000024 T C3D_StencilOp
00104c3c 0000001c T C3D_BlendingColor
00104c58 00000024 T C3D_EarlyDepthTest
00104c7c 0000002c T C3D_DepthTest
00104ca8 0000002c T C3D_AlphaTest
00104cd4 00000050 T C3D_AlphaBlend
00104d24 00000030 T C3D_FragOpMode
00104d54 00000044 T C3D_FragOpShadow
00104d98 000001ac T C3Di_EffectBind
00104f44 00000028 T AttrInfo_Init
00104f6c 000000a0 T AttrInfo_AddLoader
0010500c 00000054 T C3D_SetAttrInfo
00105060 00000080 T C3Di_AttrInfoBind
001050e0 000000a4 T C3D_ImmSendAttrib
00105184 000002b8 T C3D_UpdateUniforms
0010543c 000000c0 T C3Di_DirtyUniforms
001054fc 000000e0 T C3Di_LoadShaderUniforms
001055dc 00000028 T C3Di_ClearShaderUniforms
00105604 000000cc T Mtx_Ortho
001056d0 000000cc T Mtx_OrthoTilt
0010579c 00000024 t addrMapNodeComparator(rbtree_node const*, rbtree_node const*)
001057c0 00000004 t addrMapNodeDestructor(rbtree_node*)
001057c4 00000114 T vramMemAlign
001058d8 00000008 T vramAlloc
001058e0 00000054 T vramFree
00105934 00000024 t addrMapNodeComparator(rbtree_node const*, rbtree_node const*)
00105958 00000004 t addrMapNodeDestructor(rbtree_node*)
0010595c 00000124 T linearMemAlign
00105a80 00000008 T linearAlloc
00105a88 00000054 T linearFree
00105adc 0000008c T MemPool::CoalesceRight(MemBlock*)
00105b68 00000174 T MemPool::Allocate(MemChunk&, unsigned long, int)
00105cdc 000000fc T MemPool::Deallocate(MemChunk const&)
00105dd8 00000008 t romfs_close
00105de0 000000d4 t romfs_seek
00105eb4 00000024 t romfs_dirreset
00105ed8 00000078 t romfs_fstat
00105f50 00000054 t _romfs_read_chk
00105fa4 000000cc t romfs_read
00106070 0000007c t romfs_free
001060ec 0000016c t romfsMountCommon
00106258 00000254 t romfs_dirnext
001064ac 000000bc t romfsInitMtime.isra.0
00106568 000000b4 t searchForFile.constprop.0
0010661c 000000b8 t searchForDir.constprop.0
001066d4 000001c4 t navigateToDir.constprop.0
00106898 0000011c t romfs_open
001069b4 00000204 t romfs_stat
00106bb8 00000054 t romfs_chdir
00106c0c 00000078 t romfs_diropen
00106c84 00000008 t romfs_dirclose
00106c8c 00000344 T romfsMount
00106fd0 00000078 T romfsUnmount
00107048 00000058 t getSysTime
001070a0 00000028 t __ctru_speedup_config.part.0
001070c8 0000004c T osConvertVirtToPhys
00107114 00000024 T osGetMemRegionUsed
00107138 00000128 T __libctru_gtod
00107260 00000038 T osTickCounterRead
00107298 00000018 T __ctru_speedup_config
001072b0 000001b8 T consoleDrawChar
00107468 00000124 T consolePrintChar
0010758c 0000015c t consoleCls
001076e8 00000104 T consoleInit
001077ec 0000010c t consoleClearLine
001078f8 000000c4 t newRow
001079bc 000007cc T con_write
00108188 0000008c t gfxSetFramebufferInfo.part.0
00108214 0000006c t gfxSetFramebufferInfo
00108280 00000058 t gfxGetFramebuffer.part.0
001082d8 00000010 T gfxIs3D
001082e8 00000018 T __get_bytes_per_pixel
00108300 00000184 T gfxSetScreenFormat
00108484 00000010 T gfxSetDoubleBuffering
00108494 00000214 T gfxInit
001086a8 00000010 T gfxInitDefault
001086b8 000000e0 T gfxExit
00108798 00000064 T gfxGetFramebuffer
001087fc 000000cc T gfxFlushBuffers
001088c8 000000f4 T gfxConfigScreen
001089bc 00000020 T gfxSwapBuffersGpu
001089dc 000001f0 T shaderInstanceInit
00108bcc 00000034 T shaderInstanceFree
00108c00 00000018 T shaderInstanceGetUniformLocation
00108c18 00000018 T shaderProgramInit
00108c30 0000002c T shaderProgramFree
00108c5c 0000006c T shaderProgramSetVsh
00108cc8 000008b4 T shaderProgramConfigure
0010957c 000001f8 t DVLE_GenerateOutmap.part.0
00109774 000001c8 T DVLB_ParseFile
0010993c 00000038 T DVLB_Free
00109974 00000078 T DVLE_GetUniformRegister
001099ec 00000038 t submitGxCommand
00109a24 00000010 T GX_BindQueue
00109a34 00000050 T GX_ProcessCommandList
00109a84 00000054 T GX_MemoryFill
00109ad8 00000048 T GX_DisplayTransfer
00109b20 0000004c T GX_TextureCopy
00109b6c 00000074 t gxCmdQueueDoCommands.part.0
00109be0 000000c8 T gxCmdQueueInterrupt
00109ca8 0000004c T gxCmdQueueClear
00109cf4 000000f8 T gxCmdQueueAdd
00109dec 00000080 T gxCmdQueueRun
00109e6c 00000060 T gxCmdQueueStop
00109ecc 00000084 T gxCmdQueueWait
00109f50 0000013c T GPUCMD_Add
0010a08c 000000b0 T GPUCMD_Split
0010a13c 00000040 T f32tof16
0010a17c 00000040 T f32tof24
0010a1bc 00000044 T f32tof31
0010a200 00000074 T gspInit
0010a274 0000003c T gspExit
0010a2b0 00000034 T gspSetEventCallback
0010a2e4 000000a4 T gspInitEventHandler
0010a388 00000040 T gspExitEventHandler
0010a3c8 00000050 T gspWaitForEvent
0010a418 00000064 T gspWaitForAnyEvent
0010a47c 00000178 t gspEventThreadMain
0010a5f4 00000124 T gspSubmitGxCommand
0010a718 0000006c T GSPGPU_SetBufferSwap
0010a784 0000004c T GSPGPU_FlushDataCache
0010a7d0 00000034 T GSPGPU_SetLcdForceBlack
0010a804 00000064 T GSPGPU_RegisterInterruptRelayQueue
0010a868 0000002c T GSPGPU_UnregisterInterruptRelayQueue
0010a894 00000048 T GSPGPU_AcquireRight
0010a8dc 0000002c T GSPGPU_ReleaseRight
0010a908 00000080 T GSPGPU_ImportDisplayCaptureInfo
0010a988 0000002c T GSPGPU_SaveVramSysArea
0010a9b4 0000002c T GSPGPU_RestoreVramSysArea
0010a9e0 00000004 W _aptDebug
0010a9e4 00000170 T aptSendCommand
0010ab54 0000003c t aptExitProcess
0010ab90 00000030 T aptHook
0010abc0 00000030 T aptUnhook
0010abf0 00000050 T APT_InquireNotification
0010ac40 00000194 t aptEventHandler
0010add4 00000074 T APT_AppletUtility
0010ae48 000000b0 T aptSetSleepAllowed
0010aef8 000000b4 T APT_GlanceParameter
0010afac 000000c8 T APT_ReceiveParameter
0010b074 000000bc t aptReceiveParameter.constprop.0
0010b130 000001e0 t aptScreenTransfer
0010b310 00000210 t aptWaitForWakeUp
0010b520 00000070 T APT_CancelParameter
0010b590 0000025c T aptInit
0010b7ec 00000088 t aptClearParamQueue
0010b874 00000264 T aptMainLoop
0010bad8 00000254 T aptExit
0010bd2c 0000007c T APT_CheckNew3DS
0010bda8 00000028 t hidCheckSectionUpdateTime.part.0
0010bdd0 000000d0 T hidExit
0010bea0 000001d8 T hidScanInput
0010c078 00000010 T hidKeysHeld
0010c088 00000010 T hidKeysDown
0010c098 00000090 T HIDUSER_GetHandles
0010c128 000001a4 T hidInit
0010c2cc 00000074 T ptmSysmInit
0010c340 0000003c T ptmSysmExit
0010c37c 00000034 T PTMSYSM_ConfigureNew3DSCPU
0010c3b0 00000028 t fsSessionForArchive.part.0
0010c3d8 000000c4 T fsInit
0010c49c 0000003c T fsExit
0010c4d8 00000064 T fsExemptFromSession
0010c53c 0000005c T fsUnexemptFromSession
0010c598 000000bc T FSUSER_OpenFile
0010c654 000000d4 T FSUSER_OpenFileDirectly
0010c728 000000ac T FSUSER_DeleteFile
0010c7d4 000000e8 T FSUSER_RenameFile
0010c8bc 000000ac T FSUSER_DeleteDirectory
0010c968 000000c4 T FSUSER_CreateFile
0010ca2c 000000b4 T FSUSER_CreateDirectory
0010cae0 000000e8 T FSUSER_RenameDirectory
0010cbc8 000000a0 T FSUSER_OpenDirectory
0010cc68 00000098 T FSUSER_OpenArchive
0010cd00 000000a0 T FSUSER_ControlArchive
0010cda0 00000078 T FSUSER_CloseArchive
0010ce18 00000078 T FSUSER_GetSdmcArchiveResource
0010ce90 00000064 T FSUSER_IsSdmcWritable
0010cef4 0000005c T FSFILE_Read
0010cf50 00000064 T FSFILE_Write
0010cfb4 00000038 T FSFILE_GetSize
0010cfec 00000028 T FSFILE_SetSize
0010d014 0000003c T FSFILE_Close
0010d050 00000024 T FSFILE_Flush
0010d074 00000054 T FSDIR_Read
0010d0c8 0000003c T FSDIR_Close
0010d104 00000120 t iov_memmove
0010d224 000000cc t buffer_read
0010d2f0 000000d8 t iov_read
0010d3c8 000001c4 t decompress_rle
0010d58c 00000268 t decompress_lzss
0010d7f4 000002ec t decompress_huff.isra.0.part.0
0010dae0 00000440 t decompress_lz11
0010df20 00000010 T decompressCallback_Stdio
0010df30 000000e8 T decompressHeader
0010e018 0000023c T decompressV
0010e254 00000014 T rbtree_init
0010e268 000001a4 t do_insert
0010e40c 00000008 T rbtree_insert
0010e414 00000090 T rbtree_rotate
0010e4a4 00000334 T rbtree_remove
0010e7d8 00000074 T rbtree_find
0010e84c 000000e8 T utf16_to_utf8
0010e934 00000060 T decode_utf16
0010e994 000000c0 T utf8_to_utf16
0010ea54 00000038 W __libctru_init
0010ea8c 00000034 t __libctru_nanosleep
0010eac0 00000030 t __ctru_get_reent
0010eaf0 000000fc T __system_initSyscalls
0010ebec 00000100 W __system_allocateHeaps
0010ecec 000000f0 T __system_initArgv
0010eddc T svcControlMemory
0010edfc T svcExitProcess
0010ee04 T svcCreateThread
0010ee24 T svcExitThread
0010ee2c T svcSleepThread
0010ee34 T svcReleaseMutex
0010ee3c T svcCreateEvent
0010ee50 T svcSignalEvent
0010ee58 T svcClearEvent
0010ee60 T svcMapMemoryBlock
0010ee68 T svcUnmapMemoryBlock
0010ee70 T svcCreateAddressArbiter
0010ee84 T svcArbitrateAddress
0010ee9c T svcCloseHandle
0010eea4 T svcWaitSynchronization
0010eeac T svcWaitSynchronizationN
0010eed4 T svcDuplicateHandle
0010eee8 T svcGetSystemTick
0010eef0 T svcGetSystemInfo
0010ef08 T svcConnectToPort
0010ef1c T svcSendSyncRequest
0010ef24 T svcBreak
0010ef2c 00000024 t addrMapNodeComparator(rbtree_node const*, rbtree_node const*)
0010ef50 00000004 t addrMapNodeDestructor(rbtree_node*)
0010ef54 000000e8 T mappableAlloc
0010f03c 00000054 T mappableFree
0010f090 00000038 t LightLock_Unlock.part.0
0010f0c8 0000000c T __sync_init
0010f0d4 00000018 T __sync_fini
0010f0ec 00000010 T __sync_get_arbiter
0010f0fc 00000018 T LightLock_Init
0010f114 00000090 T LightLock_Lock
0010f1a4 00000034 T LightLock_TryLock
0010f1d8 00000020 T LightLock_Unlock
0010f1f8 00000024 T RecursiveLock_Init
0010f21c 00000030 T RecursiveLock_Lock
0010f24c 00000058 T RecursiveLock_TryLock
0010f2a4 00000038 T RecursiveLock_Unlock
0010f2dc 00000038 T LightEvent_Init
0010f314 0000007c T LightEvent_Clear
0010f390 000000dc T LightEvent_Signal
0010f46c 000000c0 T LightEvent_Wait
0010f52c 00000084 T envGetHandle
0010f5b0 0000004c T envDestroyHandles
0010f5fc 00000058 T srvExit
0010f654 00000038 T srvRegisterClient
0010f68c 000000cc T srvInit
0010f758 00000080 T srvGetServiceHandleDirect
0010f7d8 00000048 T srvGetServiceHandle
0010f820 0000001c t threadFree.part.0
0010f83c 00000180 T threadCreate
0010f9bc 00000024 T threadJoin
0010f9e0 00000068 T threadExit
0010fa48 00000048 t _thread_begin
0010fa90 000000ac T irrstScanInput
0010fb3c 00000024 T irrstKeysHeld
0010fb60 00000050 T IRRST_GetHandles
0010fbb0 00000154 T irrstInit
0010fd04 0000002c T IRRST_Shutdown
0010fd30 000000ac T irrstExit
0010fddc 0000000c T srvPmGetSessionHandle
0010fde8 00000050 T rbtree_node_next
0010fe38 00000068 T encode_utf16
0010fea0 00000104 T encode_utf8
0010ffa4 00000138 T decode_utf8
001100dc 0000001c W __appInit
001100f8 0000001c W __appExit
00110114 000000a0 W __libctru_exit
001101b4 00000014 t sdmc_link
001101c8 00000014 t sdmc_dirreset
001101dc 00000014 t sdmc_chmod
001101f0 00000024 t error_cmp
00110214 00000050 t sdmc_translate_error
00110264 00000034 t sdmc_fsync
00110298 00000054 t sdmc_ftruncate
001102ec 000000bc t sdmc_statvfs
001103a8 00000038 t sdmc_dirclose
001103e0 0000013c t sdmc_dirnext
0011051c 00000034 t sdmc_close
00110550 00000070 t sdmc_fstat
001105c0 000000d4 t sdmc_seek
00110694 00000078 t sdmc_read
0011070c 000000ac t sdmc_write
001107b8 000001b0 t sdmc_utf16path
00110968 00000074 t sdmc_rmdir
001109dc 000000a4 t sdmc_diropen
00110a80 000000ac t sdmc_chdir
00110b2c 00000098 t sdmc_mkdir
00110bc4 00000108 t sdmc_rename
00110ccc 00000074 t sdmc_unlink
00110d40 00000108 t sdmc_stat
00110e48 00000198 t sdmc_open
00110fe0 00000014 t sdmc_fchmod
00110ff4 00000168 T sdmcInit
0011115c 00000060 T sdmcExit
001111bc T __aeabi_read_tp
001111c8 00000244 T cosf
0011140c 00000024 t with_errnof
00111430 0000001c T __math_invalidf
00111450 0000026c T sinf
001116bc 00000038 T __aeabi_d2lz
001116bc 00000038 T __fixdfdi
001116f8 00000040 T __aeabi_d2ulz
001116f8 00000040 T __fixunsdfdi
00111738 00000130 T __udivmoddi4
00111868 0000007c T bsearch
001118e4 00000028 T calloc
0011190c 00000094 T _calloc_r
001119a0 0000000c T __errno
001119ac 00000034 T exit
001119e0 00000160 T _fclose_r
00111b40 00000020 T fclose
00111b60 00000278 T __sflush_r
00111dd8 00000094 T _fflush_r
00111e6c 00000038 T fflush
00111ea4 00000078 t std
00111f1c 0000000c T _cleanup_r
00111f28 00000048 T __sfmoreglue
00111f70 0000008c T __sinit
00111ffc 0000010c T __sfp
00112108 0000000c T __sfp_lock_acquire
00112114 0000000c T __sfp_lock_release
00112120 0000003c T __libc_fini_array
0011215c 00000138 T _fopen_r
00112294 00000028 T fopen
001122bc 000002e0 T _fread_r
0011259c 00000038 T fread
001125d4 000000f8 T _malloc_trim_r
001126cc 000002e8 T _free_r
001129b4 00000020 T _fseek_r
001129d4 000005ac T _fseeko_r
00112f80 00000068 T _fwalk
00112fe8 00000070 T _fwalk_reent
00113058 0000007c T __libc_init_array
001130d4 00000094 T __swhatbuf_r
00113168 000000f8 T __smakebuf_r
00113260 00000028 T memalign
00113288 0000014c T _memalign_r
001133d4 00000020 T malloc
001133f4 00000020 T free
00113414 000007d0 T _malloc_r
00113be4 000000e0 T memchr
00113cc4 000000a0 T memcmp
00113d64 00000120 T memcpy
00113e84 00000118 T memset
00113f9c 0000000c T __malloc_lock
00113fa8 0000000c T __malloc_unlock
00113fb4 00000034 T printf
00113fe8 00000044 T rand
0011402c 0000001c t lflush
00114048 000001ac T __srefill_r
001141f4 00000260 T setvbuf
00114454 00000074 T sscanf
001144c8 0000003c T __sread
00114504 00000008 T __seofread
0011450c 00000068 T __swrite
00114574 00000058 T __sseek
001145cc 00000008 T __sclose
001145d4 00000144 T strchr
00114718 0000005c T strlen
00114774 00000098 T strncat
0011480c 000000ec T strncmp
001148f8 000000c0 T strncpy
001149b8 00000048 T strnlen
00114a00 00000048 t get_arg
00114a48 00002b84 T __ssvfscanf_r
001175cc 0000003c T time
00117608 00000034 T __sprint_r
0011763c 00000650 t get_arg
00117c90 000038e0 T _vfprintf_r
0011b570 000000d4 t __sbprintf
0011b644 00000054 T _wcrtomb_r
0011b698 00000020 T _wcsrtombs_r
0011b6b8 00000150 T __swsetup_r
0011b808 00000118 T __call_exitprocs
0011b920 000001a8 t quorem
0011bac8 000012ac T _dtoa_r
0011cd74 000000c8 T __sflags
0011ce3c 000004a4 T __sfvwrite_r
0011d2e0 00000008 T iswspace
0011d2e8 0000000c T _localeconv_r
0011d2f4 00000010 T __locale_mb_cur_max
0011d304 00000060 T _mbrtowc_r
0011d364 000002fc T __utf8_mbtowc
0011d660 00000154 T memmove
0011d7b4 00000088 T _Balloc
0011d83c 0000001c T _Bfree
0011d858 000000d0 T __multadd
0011d928 000000ec T __s2b
0011da14 00000058 T __hi0bits
0011da6c 0000009c T __lo0bits
0011db08 00000020 T __i2b
0011db28 000001e0 T __multiply
0011dd08 00000100 T __pow5mult
0011de08 00000114 T __lshift
0011df1c 00000058 T __mcmp
0011df74 00000190 T __mdiff
0011e104 00000088 T __ulp
0011e18c 000000d4 T __b2d
0011e260 00000104 T __d2b
0011e364 00000084 T __ratio
0011e3e8 0000006c T __copybits
0011e454 0000005c T __any_on
0011e4b0 00000028 T realloc
0011e4d8 000004bc T _realloc_r
0011e994 000000e8 T __sccl
0011ea7c 0000000c T nanf
0011ea88 000000a8 T frexp
0011eb30 00000064 T sprintf
0011eb94 000000b8 T stpncpy
0011ec4c 00000054 t sulp
0011eca0 00001414 T _strtod_l
001200b4 0000000c T _strtod_r
001200c0 0000023c t _strtoll_l.isra.0
001202fc 00000004 T _strtoll_r
00120300 000001b4 t _strtol_l.isra.0
001204b4 00000004 T _strtol_r
001204b8 0000024c t _strtoull_l.isra.0
00120704 00000004 T _strtoull_r
00120708 000001c8 t _strtoul_l.isra.0
001208d0 00000004 T _strtoul_r
001208d4 00000188 T __ssprint_r
00120a5c 000000e0 T _sungetc_r
00120b3c 0000006c T __ssrefill_r
00120ba8 000000c8 T _sfread_r
00120c70 00000650 t get_arg
001212c0 00003814 T _svfprintf_r
00124ad4 000000a8 T __submore
00124b7c 00000190 T _wcsnrtombs_l
00124d0c 00000048 T _wcsnrtombs_r
00124d54 000000f0 T __utf8_wctomb
00124e44 000000ec t rshift
00124f30 00000828 T __gethex
00125758 00000060 T __match
001257b8 0000028c T __hexnan
00125a44 0000003c T iswspace_l
00125a80 000001e0 t __jp2uc
00125c60 00000094 T _jp2uc_l
00125cf8 00000010 T nan
00125d08 00000088 T category
00125d90 00000008 t null_write
00125d98 00000018 T setDefaultDevice
00125db0 000000c8 T FindDevice
00125e78 00000028 T RemoveDevice
00125ea0 0000009c T AddDevice
00125f3c 00000078 T _fstat_r
00125fb4 00000038 T _gettimeofday_r
00125fec 00000008 T _isatty_r
00125ff4 00000084 T _lseek_r
00126078 000000c4 T _open_r
0012613c 00000080 T _read_r
001261bc 00000078 T _sbrk_r
00126234 00000080 T _write_r
001262b4 00000024 T _exit
001262d8 000001bc T _concatenate_path
00126494 0000015c T chdir
001265f0 00000008 T __flockfile
001265f8 00000008 T __funlockfile
00126600 00000018 T __libc_lock_acquire
00126618 00000018 T __libc_lock_release
00126630 00000018 T __libc_lock_init_recursive
00126648 00000018 T __libc_lock_acquire_recursive
00126660 00000018 T __libc_lock_release_recursive
00126678 00000018 T __libc_lock_close_recursive
00126690 0000008c T __release_handle
0012671c 000000b4 T __alloc_handle
001267d0 0000003c T __get_handle
0012680c 000000f8 T _close_r
00126904 00000028 T __getreent
0012692c 00000044 T strrchr
00126970 T _fini
00127000 R render2d_shbin
0012718c R render2d_shbin_end
0012718c R render2d_shbin_size
0012719c R default_font_bin
0012799c R default_font_bin_end
0012799c R default_font_bin_size
00127a78 00000038 r CSWTCH.11
00127ab0 00000005 r colorFmtSizes
00127ab8 00000004 r depthFmtSizes
00127abc 00000010 r CSWTCH.7
00127b64 00000030 r colorTable
00127b94 00000070 r dotab_stdout
00127c04 00000014 r CSWTCH.62
00127c18 00000008 r framebufferInfoSt
00127c90 00000030 r error_table
00127cc0 00000060 R __inv_pio4
00127d20 000000e0 R __sincosf_table
00127e00 00000004 R _global_impure_ptr
00127e0c 00000022 r basefix.8820
00127e6c 00000010 r blanks.8791
00127e7c 00000010 r zeroes.8792
00127e8c 00000101 R _ctype_
00127fa0 r .LC2
00127fe8 00000028 R __mprec_bigtens
00128010 000000c8 R __mprec_tens
001280d8 0000000c r p05.7510
001280f4 00000014 r fpi.7590
00128108 00000014 r fpinan.7626
00128120 00000028 r tinytens
00128148 0000006c R __action_table
001281b4 00000100 R __chclass
001282b4 0000006c R __state_table
00128320 00000010 r blanks.8776
00128330 00000010 r zeroes.8777
00128340 00000100 R __hexdig
00128454 000000bc r a1
00128510 000000bc r a2
001285cc 0000005b r a3
00128628 00000070 r a6
00128698 000000a2 r a7
0012873c 00000040 r a8
0012877c 0000172a r b02cf
00129ea8 00001a7c r d02f4
0012b924 0000000c R _C_numeric_locale
0012b930 0000309c r categories
0012e9d4 00000070 R dotab_stdnull
0012ea44 r 
0012ea44 R __exidx_end
0012ea44 R __exidx_start
0012f000 W __stacksize__
0012f004 00000004 d framerate
0012f008 00000008 d framerateCounter
0012f010 00000070 d romFS_devoptab
0012f080 00000004 D currentConsole
0012f084 0000004c D defaultConsole
0012f0d0 00000001 d firstConsoleInit.8429
0012f0d1 00000001 d botFormat
0012f0d4 00000008 d doubleBuf
0012f0dc 00000001 d topFormat
0012f0e0 00000004 d queueLock
0012f0e4 00000004 d gspLastEvent
0012f0e8 00000004 d aptFlags
0012f0ec 00000001 d aptHomeAllowed
0012f0f0 00000004 V __ctru_linear_heap_size
0012f0f4 00000401 d __cwd
0012f4f8 00000070 d sdmc_devoptab
0012f568 0000000c d __sfp_recursive_mutex
0012f574 0000000c d __sinit_recursive_mutex
0012f580 00000004 D _impure_ptr
0012f588 00000460 d impure_data
0012f9e8 00000408 D __malloc_av_
0012fdf0 00000004 D __malloc_sbrk_base
0012fdf4 00000004 D __malloc_trim_threshold
0012fdf8 0000000c d __malloc_recursive_mutex
0012fe04 0000000c D __atexit_recursive_mutex
0012fe10 0000016c D __global_locale
0012ff7c 00000002 d numempty
0012ff80 00000004 d defaultDevice
0012ff84 0000008c D devoptab_list
00130010 00000400 d _current_working_directory
00130410 00000004 d __hndl_lock
00130414 0000000c d __stderr_handle
00130420 0000000c d __stdin_handle
0013042c 0000000c d __stdout_handle
00130438 00001000 d handles
00131438 t __frame_dummy_init_array_entry
00131438 T __init_array_start
00131438 B __preinit_array_end
00131438 B __preinit_array_start
00131438 D __tdata_lma
00131438 D __tdata_lma_end
00131438 D __TMC_END__
00131438 d __TMC_LIST__
0013143c t __do_global_dtors_aux_fini_array_entry
0013143c T __fini_array_start
0013143c T __init_array_end
00131440 T __bss_start__
00131440 T __fini_array_end
00131440 00000004 b isaacSheet
00131444 00000004 b spriteSheet
00131448 00000004 b enemiesSpriteSheet
0013144c 00000038 b background
00131484 00000460 b enemies
001318e4 00000038 b mainCharacter
0013191c 00000060 b mainIsaac
0013197c 000002a0 b isaacSprites
00131c1c b saved_stack
00131c24 b completed.10434
00131c28 b object.10439
00131c40 00000040 b s_projBot
00131c80 00000040 b s_projTop
00131cc0 00000004 b uLoc_mdlvMtx
00131cc4 00000004 b uLoc_projMtx
00131cc8 0000000c b hookCookie
00131cd8 00000010 b cpuTime
00131ce8 00000004 b firstTarget
00131cec 00000008 b frameCounter
00131cf4 00000004 b frameEndCb
00131cf8 00000004 b frameEndCbData
00131cfc 00000001 b frameStage
00131d00 00000010 b gpuTime
00131d10 00000001 b inFrame
00131d11 00000001 b inSafeTransfer
00131d12 00000001 b initialized
00131d14 00000004 b lastTarget
00131d18 0000000c b linkedTarget
00131d24 00000001 b measureGpuTime
00131d28 000000c0 b C3Di_FVUnifEverDirty
00131de8 00000008 b C3Di_IVUnifEverDirty
00131df0 00000018 b C3Di_ShaderFVecData
00131e08 0000000c b sAddrMap
00131e14 00000008 b sVramPool
00131e1c 00000008 b sLinearPool
00131e24 0000000c b sAddrMap
00131e30 00000401 b __component
00132234 00000004 V __romfs_path
00132238 00000802 b __utf16path
00132a3c 00000004 b romfs_mount_list
00132a40 00000001 V __ctru_speedup
00132a44 00000002 b currentBuffer
00132a46 00000001 b enable3d
00132a48 00000004 b screenAlloc
00132a4c 00000004 b screenFree
00132a50 00000004 b boundQueue
00132a54 00000004 b curQueue
00132a58 00000001 b isActive
00132a59 00000001 b isRunning
00132a5a 00000001 b shouldStop
00132a5c 00000004 b gspEvent
00132a60 0000001c b gspEventCb
00132a7c 0000001c b gspEventCbData
00132a98 00000007 b gspEventCbOneShot
00132aa0 0000001c b gspEventCounts
00132abc 00000004 b gspEventData
00132ac0 00000004 b gspEventThread
00132ac4 00000038 b gspEvents
00132afc 00000004 b gspRefCount
00132b00 00000001 b gspRunEvents
00132b01 00000001 b aptChainloadMediatype
00132b08 00000008 b aptChainloadTid
00132b10 00000004 b aptEventHandlerThread
00132b14 0000000c b aptEvents
00132b20 0000000c b aptFirstHook
00132b2c 00000001 b aptHomeButtonState
00132b30 00000004 b aptLockHandle
00132b34 00000004 b aptMessageFunc
00132b38 00000004 b aptMessageFuncData
00132b3c 00001000 b aptParameters
00133b3c 00000001 b aptRecentHomeButtonState
00133b40 00000004 b aptRefCount
00133b44 00000008 b aptSleepEvent
00133b4c 00000001 b flagInit.8300
00133b4d 00000001 b flagValue.8301
00133b50 00000004 b serviceName.7930
00133b54 00000006 b aVec
00133b5c 00000004 b cPos
00133b60 00000006 b gRate
00133b68 00000004 b hidRefCount
00133b6c 00000004 b kDown
00133b70 00000004 b kHeld
00133b74 00000004 b kOld
00133b78 00000004 b kUp
00133b7c 00000004 b tPos
00133b80 00000004 b ptmSysmHandle
00133b84 00000004 b ptmSysmRefCount
00133b88 00000080 b fsExemptArchives
00133c08 00000004 b fsuHandle
00133c0c 00000004 b fsuRefCount
00133c10 00000004 V __ctru_heap_size
00133c14 00000008 b sMappablePool
00133c1c 0000000c b sAddrMap
00133c28 00000004 b arbiter
00133c2c 00000004 b srvHandle
00133c30 00000004 b srvRefCount
00133c34 00000004 b csPos
00133c38 00000004 b irrstRefCount
00133c3c 00000004 b kHeld
00133c40 00000004 b srvPmHandle
00133c48 00000008 b sdmcArchive
00133c50 00000001 b sdmcInitialised
00133c54 00000028 B __malloc_current_mallinfo
00133c7c 00000004 B __malloc_max_sbrked_mem
00133c80 00000004 B __malloc_max_total_mem
00133c84 00000004 B __malloc_top_pad
00133c88 00000004 b heap_start.7420
00133c8c 00000004 B fake_heap_end
00133c90 00000004 B fake_heap_start
00133c94 00000400 b temp_cwd
00134094 00000048 B __syscalls
001340e0 000005a0 B __C2Di_Context
00134680 000002d0 B __C3D_Context
00134950 00000020 B C3D_IVUnif
00134970 000000c0 B C3D_FVUnifDirty
00134a30 00000002 B C3D_BoolUnifsDirty
00134a34 00000008 B C3D_IVUnifDirty
00134a3c 00000004 B C3D_BoolUnifs
00134a40 00000c00 B C3D_FVUnif
00135640 0000004c B currentCopy
0013568c 00000008 B gfxBottomFramebuffers
00135694 00000004 B gspSharedMemHandle
00135698 0000001c B bottomFramebufferInfo
001356b4 00000004 B gspEvent
001356b8 00000008 B gfxTopLeftFramebuffers
001356c0 00000008 B gfxTopRightFramebuffers
001356c8 0000001c B topFramebufferInfo
001356e4 00000001 B gfxThreadID
001356e8 00000004 B gfxSharedMemory
001356ec 00000004 B gfxTopFramebufferMaxSize
001356f0 00000004 B gfxBottomFramebufferMaxSize
001356f4 00000004 B gxCmdBuf
001356f8 00000004 B gpuCmdBuf
001356fc 00000004 B gpuCmdBufOffset
00135700 00000004 B gpuCmdBufSize
00135704 00000004 B gspGpuHandle
00135708 00000004 B hidMemHandle
0013570c 00000004 B hidHandle
00135710 00000004 B hidSharedMem
00135714 00000014 B hidEvents
00135728 00000004 B __system_retAddr
0013572c 00000004 B __ctru_linear_heap
00135730 00000004 B __ctru_heap
00135734 00000004 B __system_argv
00135738 00000004 B __system_argc
0013573c 00000004 B irrstHandle
00135740 00000004 B irrstEvent
00135744 00000004 B irrstMemHandle
00135748 00000004 B irrstSharedMem
0013574c B __tls_start
00136b58 B __bss_end__
00136b58 A __end__
00136b58 B __tls_end
